19:10:25 **** Incremental Build of configuration Release for project opencvTest ****
Info: Internal Builder is used for build
g++ "-IF:\\opencvInstaller\\opencv\\sources\\release\\install\\include" -O3 -Wall -c -fmessage-length=0 -o main.o "..\\main.cpp" 
g++ "-LF:\\opencvInstaller\\opencv\\sources\\release\\lib" -o opencvTest.exe yawn.o main.o HaarCascadeObjectDetector.o -lopencv_core249 -lopencv_imgproc249 -lopencv_objdetect249 -lopencv_calib3d249 -lopencv_ml249 -lopencv_haartraining_engine -lopencv_highgui249 
c:/mingw/bin/../lib/gcc/mingw32/4.8.1/../../../../mingw32/bin/ld.exe: cannot open output file opencvTest.exe: Permission denied
collect2.exe: error: ld returned 1 exit status
19:10:27 **** Incremental Build of configuration Release for project opencvTest ****
Info: Internal Builder is used for build
g++ "-LF:\\opencvInstaller\\opencv\\sources\\release\\lib" -o opencvTest.exe yawn.o main.o HaarCascadeObjectDetector.o -lopencv_core249 -lopencv_imgproc249 -lopencv_objdetect249 -lopencv_calib3d249 -lopencv_ml249 -lopencv_haartraining_engine -lopencv_highgui249 
c:/mingw/bin/../lib/gcc/mingw32/4.8.1/../../../../mingw32/bin/ld.exe: cannot open output file opencvTest.exe: Permission denied
collect2.exe: error: ld returned 1 exit status
19:11:24 **** Incremental Build of configuration Release for project opencvTest ****
Info: Internal Builder is used for build
g++ "-LF:\\opencvInstaller\\opencv\\sources\\release\\lib" -o opencvTest.exe yawn.o main.o HaarCascadeObjectDetector.o -lopencv_core249 -lopencv_imgproc249 -lopencv_objdetect249 -lopencv_calib3d249 -lopencv_ml249 -lopencv_haartraining_engine -lopencv_highgui249 
19:15:15 **** Incremental Build of configuration Release for project opencvTest ****
Info: Internal Builder is used for build
g++ "-IF:\\opencvInstaller\\opencv\\sources\\release\\install\\include" -O3 -Wall -c -fmessage-length=0 -o main.o "..\\main.cpp" 
g++ "-LF:\\opencvInstaller\\opencv\\sources\\release\\lib" -o opencvTest.exe yawn.o main.o HaarCascadeObjectDetector.o -lopencv_core249 -lopencv_imgproc249 -lopencv_objdetect249 -lopencv_calib3d249 -lopencv_ml249 -lopencv_haartraining_engine -lopencv_highgui249 
Info: Nothing to build for opencvTest
19:21:06 **** Incremental Build of configuration Release for project opencvTest ****
Info: Internal Builder is used for build
g++ "-IF:\\opencvInstaller\\opencv\\sources\\release\\install\\include" -O3 -Wall -c -fmessage-length=0 -o yawn.o "..\\yawn.cpp" 
..\yawn.cpp: In function 'int getMaxArea(cv::Mat&)':
..\yawn.cpp:30:40: warning: comparison between signed and unsigned integer expressions [-Wsign-compare]
       for( int i = 0; i< contours.size(); i++ ) // iterate through each contour.
                                        ^
g++ "-LF:\\opencvInstaller\\opencv\\sources\\release\\lib" -o opencvTest.exe yawn.o main.o HaarCascadeObjectDetector.o -lopencv_core249 -lopencv_imgproc249 -lopencv_objdetect249 -lopencv_calib3d249 -lopencv_ml249 -lopencv_haartraining_engine -lopencv_highgui249 
Info: Nothing to build for opencvTest
19:21:33 **** Incremental Build of configuration Release for project opencvTest ****
Info: Internal Builder is used for build
g++ "-IF:\\opencvInstaller\\opencv\\sources\\release\\install\\include" -O3 -Wall -c -fmessage-length=0 -o yawn.o "..\\yawn.cpp" 
..\yawn.cpp: In function 'int getMaxArea(cv::Mat&)':
..\yawn.cpp:30:40: warning: comparison between signed and unsigned integer expressions [-Wsign-compare]
       for( int i = 0; i< contours.size(); i++ ) // iterate through each contour.
                                        ^
g++ "-LF:\\opencvInstaller\\opencv\\sources\\release\\lib" -o opencvTest.exe yawn.o main.o HaarCascadeObjectDetector.o -lopencv_core249 -lopencv_imgproc249 -lopencv_objdetect249 -lopencv_calib3d249 -lopencv_ml249 -lopencv_haartraining_engine -lopencv_highgui249 
19:22:47 **** Incremental Build of configuration Release for project opencvTest ****
Info: Internal Builder is used for build
g++ "-IF:\\opencvInstaller\\opencv\\sources\\release\\install\\include" -O3 -Wall -c -fmessage-length=0 -o yawn.o "..\\yawn.cpp" 
..\yawn.cpp: In function 'int getMaxArea(cv::Mat&)':
..\yawn.cpp:30:40: warning: comparison between signed and unsigned integer expressions [-Wsign-compare]
       for( int i = 0; i< contours.size(); i++ ) // iterate through each contour.
                                        ^
g++ "-LF:\\opencvInstaller\\opencv\\sources\\release\\lib" -o opencvTest.exe yawn.o main.o HaarCascadeObjectDetector.o -lopencv_core249 -lopencv_imgproc249 -lopencv_objdetect249 -lopencv_calib3d249 -lopencv_ml249 -lopencv_haartraining_engine -lopencv_highgui249 
19:22:58 **** Incremental Build of configuration Release for project opencvTest ****
Info: Internal Builder is used for build
g++ "-IF:\\opencvInstaller\\opencv\\sources\\release\\install\\include" -O3 -Wall -c -fmessage-length=0 -o yawn.o "..\\yawn.cpp" 
..\yawn.cpp: In function 'int getMaxArea(cv::Mat&)':
..\yawn.cpp:30:40: warning: comparison between signed and unsigned integer expressions [-Wsign-compare]
       for( int i = 0; i< contours.size(); i++ ) // iterate through each contour.
                                        ^
g++ "-LF:\\opencvInstaller\\opencv\\sources\\release\\lib" -o opencvTest.exe yawn.o main.o HaarCascadeObjectDetector.o -lopencv_core249 -lopencv_imgproc249 -lopencv_objdetect249 -lopencv_calib3d249 -lopencv_ml249 -lopencv_haartraining_engine -lopencv_highgui249 
19:23:08 **** Incremental Build of configuration Release for project opencvTest ****
Info: Internal Builder is used for build
g++ "-IF:\\opencvInstaller\\opencv\\sources\\release\\install\\include" -O3 -Wall -c -fmessage-length=0 -o yawn.o "..\\yawn.cpp" 
..\yawn.cpp: In function 'int getMaxArea(cv::Mat&)':
..\yawn.cpp:30:40: warning: comparison between signed and unsigned integer expressions [-Wsign-compare]
       for( int i = 0; i< contours.size(); i++ ) // iterate through each contour.
                                        ^
g++ "-LF:\\opencvInstaller\\opencv\\sources\\release\\lib" -o opencvTest.exe yawn.o main.o HaarCascadeObjectDetector.o -lopencv_core249 -lopencv_imgproc249 -lopencv_objdetect249 -lopencv_calib3d249 -lopencv_ml249 -lopencv_haartraining_engine -lopencv_highgui249 
Info: Nothing to build for opencvTest
